2019-05-16 13:37:10,887 INFO org.springframework.boot.StartupInfoLogger [restartedMain] Starting ProjectEverisApplication on LIM-5CG61169LV with PID 2256 (C:\Users\wllanosc\Desktop\Everis\ProjectEveris\target\classes started by wllanosc in C:\Users\wllanosc\Desktop\Everis\ProjectEveris)
2019-05-16 13:37:10,903 DEBUG org.springframework.boot.StartupInfoLogger [restartedMain] Running with Spring Boot v2.1.4.RELEASE, Spring v5.1.6.RELEASE
2019-05-16 13:37:10,903 INFO org.springframework.boot.SpringApplication [restartedMain] No active profile set, falling back to default profiles: default
2019-05-16 13:37:14,459 INFO org.springframework.boot.StartupInfoLogger [restartedMain] Started ProjectEverisApplication in 3.681 seconds (JVM running for 126.927)
2019-05-16 13:39:34,074 INFO org.springframework.boot.StartupInfoLogger [restartedMain] Starting ProjectEverisApplication on LIM-5CG61169LV with PID 16784 (C:\Users\wllanosc\Desktop\Everis\ProjectEveris\target\classes started by wllanosc in C:\Users\wllanosc\Desktop\Everis\ProjectEveris)
2019-05-16 13:39:34,074 DEBUG org.springframework.boot.StartupInfoLogger [restartedMain] Running with Spring Boot v2.1.4.RELEASE, Spring v5.1.6.RELEASE
2019-05-16 13:39:34,074 INFO org.springframework.boot.SpringApplication [restartedMain] No active profile set, falling back to default profiles: default
2019-05-16 13:39:42,827 INFO org.springframework.boot.StartupInfoLogger [restartedMain] Started ProjectEverisApplication in 9.15 seconds (JVM running for 10.076)
2019-05-16 13:39:50,401 INFO com.everis.controllers.ParentController [https-jsse-nio-8989-exec-5] Los Parent Fueron Listados
2019-05-16 13:39:58,278 INFO com.everis.controllers.FamilyController [https-jsse-nio-8989-exec-6] Listar Family con FamilyMember por Id
2019-05-16 13:41:33,408 INFO org.springframework.boot.StartupInfoLogger [restartedMain] Starting ProjectEverisApplication on LIM-5CG61169LV with PID 17340 (C:\Users\wllanosc\Desktop\Everis\ProjectEveris\target\classes started by wllanosc in C:\Users\wllanosc\Desktop\Everis\ProjectEveris)
2019-05-16 13:41:33,412 DEBUG org.springframework.boot.StartupInfoLogger [restartedMain] Running with Spring Boot v2.1.4.RELEASE, Spring v5.1.6.RELEASE
2019-05-16 13:41:33,413 INFO org.springframework.boot.SpringApplication [restartedMain] No active profile set, falling back to default profiles: default
2019-05-16 13:41:39,227 INFO org.springframework.boot.StartupInfoLogger [restartedMain] Started ProjectEverisApplication in 6.253 seconds (JVM running for 7.11)
2019-05-16 13:55:22,567 INFO org.springframework.boot.StartupInfoLogger [restartedMain] Starting ProjectEverisApplication on LIM-5CG61169LV with PID 1280 (C:\Users\wllanosc\Desktop\Everis\ProjectEveris\target\classes started by wllanosc in C:\Users\wllanosc\Desktop\Everis\ProjectEveris)
2019-05-16 13:55:22,582 DEBUG org.springframework.boot.StartupInfoLogger [restartedMain] Running with Spring Boot v2.1.4.RELEASE, Spring v5.1.6.RELEASE
2019-05-16 13:55:22,582 INFO org.springframework.boot.SpringApplication [restartedMain] No active profile set, falling back to default profiles: default
2019-05-16 13:55:29,004 INFO org.springframework.boot.StartupInfoLogger [restartedMain] Started ProjectEverisApplication in 6.873 seconds (JVM running for 7.776)
2019-05-16 13:56:57,159 INFO com.everis.controllers.ParentController [https-jsse-nio-8989-exec-1] Los Parent Fueron Listados
2019-05-16 15:17:44,326 INFO org.springframework.boot.StartupInfoLogger [main] Starting ParentControllerTest on LIM-5CG61169LV with PID 8216 (started by wllanosc in C:\Users\wllanosc\Desktop\Everis\ProjectEveris)
2019-05-16 15:17:44,336 DEBUG org.springframework.boot.StartupInfoLogger [main] Running with Spring Boot v2.1.4.RELEASE, Spring v5.1.6.RELEASE
2019-05-16 15:17:44,337 INFO org.springframework.boot.SpringApplication [main] No active profile set, falling back to default profiles: default
2019-05-16 15:17:57,443 INFO org.springframework.boot.StartupInfoLogger [main] Started ParentControllerTest in 14.176 seconds (JVM running for 17.134)
2019-05-16 15:19:47,421 INFO org.springframework.boot.StartupInfoLogger [main] Starting ParentControllerTest on LIM-5CG61169LV with PID 6932 (started by wllanosc in C:\Users\wllanosc\Desktop\Everis\ProjectEveris)
2019-05-16 15:19:47,423 DEBUG org.springframework.boot.StartupInfoLogger [main] Running with Spring Boot v2.1.4.RELEASE, Spring v5.1.6.RELEASE
2019-05-16 15:19:47,423 INFO org.springframework.boot.SpringApplication [main] No active profile set, falling back to default profiles: default
2019-05-16 15:19:57,330 INFO org.springframework.boot.StartupInfoLogger [main] Started ParentControllerTest in 10.478 seconds (JVM running for 11.698)
2019-05-16 15:21:07,381 INFO org.springframework.boot.StartupInfoLogger [main] Starting ParentControllerTest on LIM-5CG61169LV with PID 15416 (started by wllanosc in C:\Users\wllanosc\Desktop\Everis\ProjectEveris)
2019-05-16 15:21:07,383 DEBUG org.springframework.boot.StartupInfoLogger [main] Running with Spring Boot v2.1.4.RELEASE, Spring v5.1.6.RELEASE
2019-05-16 15:21:07,384 INFO org.springframework.boot.SpringApplication [main] No active profile set, falling back to default profiles: default
2019-05-16 15:21:17,231 INFO org.springframework.boot.StartupInfoLogger [main] Started ParentControllerTest in 10.482 seconds (JVM running for 11.784)
2019-05-16 15:21:32,126 INFO org.springframework.boot.StartupInfoLogger [main] Starting ParentControllerTest on LIM-5CG61169LV with PID 7500 (started by wllanosc in C:\Users\wllanosc\Desktop\Everis\ProjectEveris)
2019-05-16 15:21:32,129 DEBUG org.springframework.boot.StartupInfoLogger [main] Running with Spring Boot v2.1.4.RELEASE, Spring v5.1.6.RELEASE
2019-05-16 15:21:32,131 INFO org.springframework.boot.SpringApplication [main] No active profile set, falling back to default profiles: default
2019-05-16 15:21:42,081 INFO org.springframework.boot.StartupInfoLogger [main] Started ParentControllerTest in 10.502 seconds (JVM running for 11.83)
2019-05-16 15:55:40,939 INFO org.springframework.boot.StartupInfoLogger [main] Starting FamilyControllerTest on LIM-5CG61169LV with PID 16856 (started by wllanosc in C:\Users\wllanosc\Desktop\Everis\ProjectEveris)
2019-05-16 15:55:40,942 DEBUG org.springframework.boot.StartupInfoLogger [main] Running with Spring Boot v2.1.4.RELEASE, Spring v5.1.6.RELEASE
2019-05-16 15:55:40,943 INFO org.springframework.boot.SpringApplication [main] No active profile set, falling back to default profiles: default
2019-05-16 15:55:51,161 INFO org.springframework.boot.StartupInfoLogger [main] Started FamilyControllerTest in 10.824 seconds (JVM running for 12.692)
2019-05-16 16:00:03,061 INFO org.springframework.boot.StartupInfoLogger [main] Starting StudentControllerTest on LIM-5CG61169LV with PID 2392 (started by wllanosc in C:\Users\wllanosc\Desktop\Everis\ProjectEveris)
2019-05-16 16:00:03,063 DEBUG org.springframework.boot.StartupInfoLogger [main] Running with Spring Boot v2.1.4.RELEASE, Spring v5.1.6.RELEASE
2019-05-16 16:00:03,064 INFO org.springframework.boot.SpringApplication [main] No active profile set, falling back to default profiles: default
2019-05-16 16:00:13,977 INFO org.springframework.boot.StartupInfoLogger [main] Started StudentControllerTest in 11.556 seconds (JVM running for 12.796)
2019-05-16 16:04:04,091 INFO org.springframework.boot.StartupInfoLogger [main] Starting FamilyMemberControllerTest on LIM-5CG61169LV with PID 12908 (started by wllanosc in C:\Users\wllanosc\Desktop\Everis\ProjectEveris)
2019-05-16 16:04:04,092 DEBUG org.springframework.boot.StartupInfoLogger [main] Running with Spring Boot v2.1.4.RELEASE, Spring v5.1.6.RELEASE
2019-05-16 16:04:04,093 INFO org.springframework.boot.SpringApplication [main] No active profile set, falling back to default profiles: default
2019-05-16 16:04:15,984 INFO org.springframework.boot.StartupInfoLogger [main] Started FamilyMemberControllerTest in 12.509 seconds (JVM running for 13.769)
2019-05-16 16:24:33,280 INFO org.springframework.boot.StartupInfoLogger [main] Starting ParentControllerTest on LIM-5CG61169LV with PID 15504 (started by wllanosc in C:\Users\wllanosc\Desktop\Everis\ProjectEveris)
2019-05-16 16:24:33,333 DEBUG org.springframework.boot.StartupInfoLogger [main] Running with Spring Boot v2.1.4.RELEASE, Spring v5.1.6.RELEASE
2019-05-16 16:24:33,335 INFO org.springframework.boot.SpringApplication [main] No active profile set, falling back to default profiles: default
2019-05-16 16:24:46,894 INFO org.springframework.boot.StartupInfoLogger [main] Started ParentControllerTest in 15.167 seconds (JVM running for 18.938)
2019-05-16 16:26:02,829 INFO org.springframework.boot.StartupInfoLogger [main] Starting ParentControllerTest on LIM-5CG61169LV with PID 15872 (started by wllanosc in C:\Users\wllanosc\Desktop\Everis\ProjectEveris)
2019-05-16 16:26:02,831 DEBUG org.springframework.boot.StartupInfoLogger [main] Running with Spring Boot v2.1.4.RELEASE, Spring v5.1.6.RELEASE
2019-05-16 16:26:02,832 INFO org.springframework.boot.SpringApplication [main] No active profile set, falling back to default profiles: default
2019-05-16 16:26:13,844 INFO org.springframework.boot.StartupInfoLogger [main] Started ParentControllerTest in 11.704 seconds (JVM running for 13.138)
2019-05-16 16:26:56,874 INFO org.springframework.boot.StartupInfoLogger [main] Starting ParentControllerTest on LIM-5CG61169LV with PID 15880 (started by wllanosc in C:\Users\wllanosc\Desktop\Everis\ProjectEveris)
2019-05-16 16:26:56,876 DEBUG org.springframework.boot.StartupInfoLogger [main] Running with Spring Boot v2.1.4.RELEASE, Spring v5.1.6.RELEASE
2019-05-16 16:26:56,878 INFO org.springframework.boot.SpringApplication [main] No active profile set, falling back to default profiles: default
2019-05-16 16:27:07,635 INFO org.springframework.boot.StartupInfoLogger [main] Started ParentControllerTest in 11.432 seconds (JVM running for 12.73)
2019-05-16 16:27:42,867 INFO org.springframework.boot.StartupInfoLogger [main] Starting FamilyControllerTest on LIM-5CG61169LV with PID 6424 (started by wllanosc in C:\Users\wllanosc\Desktop\Everis\ProjectEveris)
2019-05-16 16:27:42,869 DEBUG org.springframework.boot.StartupInfoLogger [main] Running with Spring Boot v2.1.4.RELEASE, Spring v5.1.6.RELEASE
2019-05-16 16:27:42,870 INFO org.springframework.boot.SpringApplication [main] No active profile set, falling back to default profiles: default
2019-05-16 16:27:53,448 INFO org.springframework.boot.StartupInfoLogger [main] Started FamilyControllerTest in 11.271 seconds (JVM running for 12.536)
2019-05-16 16:29:52,726 INFO org.springframework.boot.StartupInfoLogger [main] Starting ParentControllerTest on LIM-5CG61169LV with PID 11316 (started by wllanosc in C:\Users\wllanosc\Desktop\Everis\ProjectEveris)
2019-05-16 16:29:52,728 DEBUG org.springframework.boot.StartupInfoLogger [main] Running with Spring Boot v2.1.4.RELEASE, Spring v5.1.6.RELEASE
2019-05-16 16:29:52,729 INFO org.springframework.boot.SpringApplication [main] No active profile set, falling back to default profiles: default
2019-05-16 16:30:03,928 INFO org.springframework.boot.StartupInfoLogger [main] Started ParentControllerTest in 11.826 seconds (JVM running for 13.245)
2019-05-16 16:32:46,482 INFO org.springframework.boot.StartupInfoLogger [main] Starting ParentControllerTest on LIM-5CG61169LV with PID 7076 (started by wllanosc in C:\Users\wllanosc\Desktop\Everis\ProjectEveris)
2019-05-16 16:32:46,485 DEBUG org.springframework.boot.StartupInfoLogger [main] Running with Spring Boot v2.1.4.RELEASE, Spring v5.1.6.RELEASE
2019-05-16 16:32:46,486 INFO org.springframework.boot.SpringApplication [main] No active profile set, falling back to default profiles: default
2019-05-16 16:32:57,821 INFO org.springframework.boot.StartupInfoLogger [main] Started ParentControllerTest in 11.963 seconds (JVM running for 13.2)
2019-05-16 16:33:55,801 INFO org.springframework.boot.StartupInfoLogger [main] Starting ParentControllerTest on LIM-5CG61169LV with PID 9040 (started by wllanosc in C:\Users\wllanosc\Desktop\Everis\ProjectEveris)
2019-05-16 16:33:55,803 DEBUG org.springframework.boot.StartupInfoLogger [main] Running with Spring Boot v2.1.4.RELEASE, Spring v5.1.6.RELEASE
2019-05-16 16:33:55,804 INFO org.springframework.boot.SpringApplication [main] No active profile set, falling back to default profiles: default
2019-05-16 16:34:06,044 INFO org.springframework.boot.StartupInfoLogger [main] Started ParentControllerTest in 10.842 seconds (JVM running for 12.356)
